# JRE version: OpenJDK Runtime Environment (8.0_242-b01) (build 1.8.0_242-release-1644-b01)
# Java VM: OpenJDK 64-Bit Server VM (25.242-b01 mixed mode windows-amd64 compressed oops)
Heap:
 PSYoungGen      total 443392K, used 292903K [0x00000000d5580000, 0x00000000f6600000, 0x0000000100000000)
  eden space 416256K, 70% used [0x00000000d5580000,0x00000000e7389fe0,0x00000000eec00000)
  from space 27136K, 0% used [0x00000000eec00000,0x00000000eec00000,0x00000000f0680000)
  to   space 31744K, 0% used [0x00000000f4700000,0x00000000f4700000,0x00000000f6600000)
 ParOldGen       total 163328K, used 73762K [0x0000000080000000, 0x0000000089f80000, 0x00000000d5580000)
  object space 163328K, 45% used [0x0000000080000000,0x0000000084808818,0x0000000089f80000)
 Metaspace       used 99363K, capacity 104000K, committed 104104K, reserved 1138688K
  class space    used 12937K, capacity 13912K, committed 14000K, reserved 1048576K
GC Heap History (10 events):
Event: 153.115 GC heap before
{Heap before GC invocations=17 (full 3):
 PSYoungGen      total 274432K, used 274402K [0x00000000d5580000, 0x00000000ece00000, 0x0000000100000000)
  eden space 255488K, 100% used [0x00000000d5580000,0x00000000e4f00000,0x00000000e4f00000)
  from space 18944K, 99% used [0x00000000e4f00000,0x00000000e6178920,0x00000000e6180000)
  to   space 22016K, 0% used [0x00000000eb880000,0x00000000eb880000,0x00000000ece00000)
 ParOldGen       total 97280K, used 32005K [0x0000000080000000, 0x0000000085f00000, 0x00000000d5580000)
  object space 97280K, 32% used [0x0000000080000000,0x0000000081f41720,0x0000000085f00000)
 Metaspace       used 83422K, capacity 86982K, committed 87080K, reserved 1124352K
  class space    used 11061K, capacity 11765K, committed 11824K, reserved 1048576K
Event: 153.145 GC heap after
Heap after GC invocations=17 (full 3):
 PSYoungGen      total 355328K, used 22006K [0x00000000d5580000, 0x00000000ed600000, 0x0000000100000000)
  eden space 333312K, 0% used [0x00000000d5580000,0x00000000d5580000,0x00000000e9b00000)
  from space 22016K, 99% used [0x00000000eb880000,0x00000000ecdfd818,0x00000000ece00000)
  to   space 30208K, 0% used [0x00000000e9b00000,0x00000000e9b00000,0x00000000eb880000)
 ParOldGen       total 97280K, used 45439K [0x0000000080000000, 0x0000000085f00000, 0x00000000d5580000)
  object space 97280K, 46% used [0x0000000080000000,0x0000000082c5ff80,0x0000000085f00000)
 Metaspace       used 83422K, capacity 86982K, committed 87080K, reserved 1124352K
  class space    used 11061K, capacity 11765K, committed 11824K, reserved 1048576K
}
Event: 154.429 GC heap before
{Heap before GC invocations=18 (full 3):
 PSYoungGen      total 355328K, used 355318K [0x00000000d5580000, 0x00000000ed600000, 0x0000000100000000)
  eden space 333312K, 100% used [0x00000000d5580000,0x00000000e9b00000,0x00000000e9b00000)
  from space 22016K, 99% used [0x00000000eb880000,0x00000000ecdfd818,0x00000000ece00000)
  to   space 30208K, 0% used [0x00000000e9b00000,0x00000000e9b00000,0x00000000eb880000)
 ParOldGen       total 97280K, used 45439K [0x0000000080000000, 0x0000000085f00000, 0x00000000d5580000)
  object space 97280K, 46% used [0x0000000080000000,0x0000000082c5ff80,0x0000000085f00000)
 Metaspace       used 84473K, capacity 88106K, committed 88232K, reserved 1126400K
  class space    used 11135K, capacity 11843K, committed 11952K, reserved 1048576K
Event: 154.452 GC heap after
Heap after GC invocations=18 (full 3):
 PSYoungGen      total 363520K, used 9992K [0x00000000d5580000, 0x00000000f3100000, 0x0000000100000000)
  eden space 333312K, 0% used [0x00000000d5580000,0x00000000d5580000,0x00000000e9b00000)
  from space 30208K, 33% used [0x00000000e9b00000,0x00000000ea4c22f8,0x00000000eb880000)
  to   space 28672K, 0% used [0x00000000f1500000,0x00000000f1500000,0x00000000f3100000)
 ParOldGen       total 97280K, used 60328K [0x0000000080000000, 0x0000000085f00000, 0x00000000d5580000)
  object space 97280K, 62% used [0x0000000080000000,0x0000000083aea0e8,0x0000000085f00000)
 Metaspace       used 84473K, capacity 88106K, committed 88232K, reserved 1126400K
  class space    used 11135K, capacity 11843K, committed 11952K, reserved 1048576K
}
Event: 196.255 GC heap before
{Heap before GC invocations=19 (full 3):
 PSYoungGen      total 363520K, used 343304K [0x00000000d5580000, 0x00000000f3100000, 0x0000000100000000)
  eden space 333312K, 100% used [0x00000000d5580000,0x00000000e9b00000,0x00000000e9b00000)
  from space 30208K, 33% used [0x00000000e9b00000,0x00000000ea4c22f8,0x00000000eb880000)
  to   space 28672K, 0% used [0x00000000f1500000,0x00000000f1500000,0x00000000f3100000)
 ParOldGen       total 97280K, used 60328K [0x0000000080000000, 0x0000000085f00000, 0x00000000d5580000)
  object space 97280K, 62% used [0x0000000080000000,0x0000000083aea0e8,0x0000000085f00000)
 Metaspace       used 89987K, capacity 94332K, committed 94504K, reserved 1130496K
  class space    used 11878K, capacity 12800K, committed 12848K, reserved 1048576K
Event: 196.269 GC heap after
Heap after GC invocations=19 (full 3):
 PSYoungGen      total 428032K, used 11999K [0x00000000d5580000, 0x00000000f2100000, 0x0000000100000000)
  eden space 415744K, 0% used [0x00000000d5580000,0x00000000d5580000,0x00000000eeb80000)
  from space 12288K, 97% used [0x00000000f1500000,0x00000000f20b7eb0,0x00000000f2100000)
  to   space 27136K, 0% used [0x00000000eec00000,0x00000000eec00000,0x00000000f0680000)
 ParOldGen       total 97280K, used 61792K [0x0000000080000000, 0x0000000085f00000, 0x00000000d5580000)
  object space 97280K, 63% used [0x0000000080000000,0x0000000083c582e8,0x0000000085f00000)
 Metaspace       used 89987K, capacity 94332K, committed 94504K, reserved 1130496K
  class space    used 11878K, capacity 12800K, committed 12848K, reserved 1048576K
}
Event: 199.978 GC heap before
{Heap before GC invocations=20 (full 3):
 PSYoungGen      total 428032K, used 195234K [0x00000000d5580000, 0x00000000f2100000, 0x0000000100000000)
  eden space 415744K, 44% used [0x00000000d5580000,0x00000000e0870d10,0x00000000eeb80000)
  from space 12288K, 97% used [0x00000000f1500000,0x00000000f20b7eb0,0x00000000f2100000)
  to   space 27136K, 0% used [0x00000000eec00000,0x00000000eec00000,0x00000000f0680000)
 ParOldGen       total 97280K, used 61792K [0x0000000080000000, 0x0000000085f00000, 0x00000000d5580000)
  object space 97280K, 63% used [0x0000000080000000,0x0000000083c582e8,0x0000000085f00000)
 Metaspace       used 94204K, capacity 98550K, committed 98600K, reserved 1134592K
  class space    used 12284K, capacity 13205K, committed 13232K, reserved 1048576K
Event: 200.005 GC heap after
Heap after GC invocations=20 (full 3):
 PSYoungGen      total 443392K, used 27135K [0x00000000d5580000, 0x00000000f6600000, 0x0000000100000000)
  eden space 416256K, 0% used [0x00000000d5580000,0x00000000d5580000,0x00000000eec00000)
  from space 27136K, 99% used [0x00000000eec00000,0x00000000f067fd70,0x00000000f0680000)
  to   space 31744K, 0% used [0x00000000f4700000,0x00000000f4700000,0x00000000f6600000)
 ParOldGen       total 97280K, used 61962K [0x0000000080000000, 0x0000000085f00000, 0x00000000d5580000)
  object space 97280K, 63% used [0x0000000080000000,0x0000000083c828c0,0x0000000085f00000)
 Metaspace       used 94204K, capacity 98550K, committed 98600K, reserved 1134592K
  class space    used 12284K, capacity 13205K, committed 13232K, reserved 1048576K
}
Event: 200.005 GC heap before
{Heap before GC invocations=21 (full 4):
 PSYoungGen      total 443392K, used 27135K [0x00000000d5580000, 0x00000000f6600000, 0x0000000100000000)
  eden space 416256K, 0% used [0x00000000d5580000,0x00000000d5580000,0x00000000eec00000)
  from space 27136K, 99% used [0x00000000eec00000,0x00000000f067fd70,0x00000000f0680000)
  to   space 31744K, 0% used [0x00000000f4700000,0x00000000f4700000,0x00000000f6600000)
 ParOldGen       total 97280K, used 61962K [0x0000000080000000, 0x0000000085f00000, 0x00000000d5580000)
  object space 97280K, 63% used [0x0000000080000000,0x0000000083c828c0,0x0000000085f00000)
 Metaspace       used 94204K, capacity 98550K, committed 98600K, reserved 1134592K
  class space    used 12284K, capacity 13205K, committed 13232K, reserved 1048576K
Event: 200.211 GC heap after
Heap after GC invocations=21 (full 4):
 PSYoungGen      total 443392K, used 0K [0x00000000d5580000, 0x00000000f6600000, 0x0000000100000000)
  eden space 416256K, 0% used [0x00000000d5580000,0x00000000d5580000,0x00000000eec00000)
  from space 27136K, 0% used [0x00000000eec00000,0x00000000eec00000,0x00000000f0680000)
  to   space 31744K, 0% used [0x00000000f4700000,0x00000000f4700000,0x00000000f6600000)
 ParOldGen       total 163328K, used 73762K [0x0000000080000000, 0x0000000089f80000, 0x00000000d5580000)
  object space 163328K, 45% used [0x0000000080000000,0x0000000084808818,0x0000000089f80000)
 Metaspace       used 94197K, capacity 98526K, committed 98600K, reserved 1134592K
  class space    used 12281K, capacity 13201K, committed 13232K, reserved 1048576K
}

